<?xml version="1.0" encoding="UTF-8"?>
<testsuite xmlns:xsi="http://www.w3.org/2001/XMLSchema-instance" xsi:noNamespaceSchemaLocation="https://maven.apache.org/surefire/maven-surefire-plugin/xsd/surefire-test-report.xsd" version="3.0.2" name="com.example.demo.integration.UsuarioIntegrationTest" time="4.413" tests="3" errors="0" skipped="0" failures="2">
  <properties>
[...]
</properties>
  <testcase name="debeMostrarPaginaPrincipal" classname="com.example.demo.integration.UsuarioIntegrationTest" time="1.379">
    <system-out><![CDATA[21:00:25.162 [main] INFO org.springframework.test.context.support.AnnotationConfigContextLoaderUtils -- Could not detect default configuration classes for test class [com.example.demo.integration.UsuarioIntegrationTest]: UsuarioIntegrationTest does not declare any static, non-private, non-final, nested classes annotated with @Configuration.
21:00:25.317 [main] INFO org.springframework.boot.test.context.SpringBootTestContextBootstrapper -- Found @SpringBootConfiguration com.example.demo.Sud03r4appApplication for test class com.example.demo.integration.UsuarioIntegrationTest

  .   ____          _            __ _ _
 /\\ / ___'_ __ _ _(_)_ __  __ _ \ \ \ \
( ( )\___ | '_ | '_| | '_ \/ _` | \ \ \ \
 \\/  ___)| |_)| | | | | || (_| |  ) ) ) )
  '  |____| .__|_| |_|_| |_\__, | / / / /
 =========|_|==============|___/=/_/_/_/

 :: Spring Boot ::                (v3.5.8)

2025-12-01T21:00:26.032Z  INFO 7763 --- [Sud03r5app] [           main] c.e.d.i.UsuarioIntegrationTest           : Starting UsuarioIntegrationTest using Java 21.0.9 with PID 7763 (started by fchuquimia in /home/fchuquimia/STSWorkspace/Sud03r5app)
2025-12-01T21:00:26.034Z  INFO 7763 --- [Sud03r5app] [           main] c.e.d.i.UsuarioIntegrationTest           : No active profile set, falling back to 1 default profile: "default"
2025-12-01T21:00:27.076Z  INFO 7763 --- [Sud03r5app] [           main] o.s.b.w.embedded.tomcat.TomcatWebServer  : Tomcat initialized with port 0 (http)
2025-12-01T21:00:27.095Z  INFO 7763 --- [Sud03r5app] [           main] o.apache.catalina.core.StandardService   : Starting service [Tomcat]
2025-12-01T21:00:27.095Z  INFO 7763 --- [Sud03r5app] [           main] o.apache.catalina.core.StandardEngine    : Starting Servlet engine: [Apache Tomcat/10.1.49]
2025-12-01T21:00:27.139Z  INFO 7763 --- [Sud03r5app] [           main] o.a.c.c.C.[Tomcat].[localhost].[/]       : Initializing Spring embedded WebApplicationContext
2025-12-01T21:00:27.140Z  INFO 7763 --- [Sud03r5app] [           main] w.s.c.ServletWebServerApplicationContext : Root WebApplicationContext: initialization completed in 1065 ms
2025-12-01T21:00:27.291Z  INFO 7763 --- [Sud03r5app] [           main] o.s.b.a.w.s.WelcomePageHandlerMapping    : Adding welcome page template: index
2025-12-01T21:00:27.738Z  INFO 7763 --- [Sud03r5app] [           main] o.s.b.w.embedded.tomcat.TomcatWebServer  : Tomcat started on port 36101 (http) with context path '/'
2025-12-01T21:00:27.745Z  INFO 7763 --- [Sud03r5app] [           main] c.e.d.i.UsuarioIntegrationTest           : Started UsuarioIntegrationTest in 2.179 seconds (process running for 3.798)
2025-12-01T21:00:28.756Z  INFO 7763 --- [Sud03r5app] [o-auto-1-exec-1] o.a.c.c.C.[Tomcat].[localhost].[/]       : Initializing Spring DispatcherServlet 'dispatcherServlet'
2025-12-01T21:00:28.757Z  INFO 7763 --- [Sud03r5app] [o-auto-1-exec-1] o.s.web.servlet.DispatcherServlet        : Initializing Servlet 'dispatcherServlet'
2025-12-01T21:00:28.758Z  INFO 7763 --- [Sud03r5app] [o-auto-1-exec-1] o.s.web.servlet.DispatcherServlet        : Completed initialization in 1 ms
]]></system-out>
    <system-err><![CDATA[Mockito is currently self-attaching to enable the inline-mock-maker. This will no longer work in future releases of the JDK. Please add Mockito as an agent to your build as described in Mockito's documentation: https://javadoc.io/doc/org.mockito/mockito-core/latest/org.mockito/org/mockito/Mockito.html#0.3
WARNING: A Java agent has been loaded dynamically (/home/fchuquimia/.m2/repository/net/bytebuddy/byte-buddy-agent/1.17.8/byte-buddy-agent-1.17.8.jar)
WARNING: If a serviceability tool is in use, please run with -XX:+EnableDynamicAgentLoading to hide this warning
WARNING: If a serviceability tool is not in use, please run with -Djdk.instrument.traceUsage for more information
WARNING: Dynamic loading of agents will be disallowed by default in a future release
]]></system-err>
  </testcase>
  <testcase name="debeAgregarUsuarioYMostrarloEnLaLista" classname="com.example.demo.integration.UsuarioIntegrationTest" time="0.178">
    <failure message="&#10;Expecting actual:&#10;  &quot;&lt;!DOCTYPE html&gt;&#10;&lt;html&gt;&#10;&lt;head&gt;&#10;    &lt;meta charset=&quot;UTF-8&quot;&gt;&#10;    &lt;title&gt;Lista de Usuarios&lt;/title&gt;&#10;    &lt;link href=&quot;https://cdn.jsdelivr.net/npm/bootstrap@5.1.3/dist/css/bootstrap.min.css&quot; rel=&quot;stylesheet&quot;&gt;&#10;&lt;/head&gt;&#10;&lt;body&gt;&#10;    &lt;div class=&quot;container mt-4&quot;&gt;&#10;        &lt;div class=&quot;row&quot;&gt;&#10;            &lt;div class=&quot;col-12&quot;&gt;&#10;                &lt;h2&gt;Lista de Usuarios&lt;/h2&gt;&#10;                &#10;                &lt;div class=&quot;mb-3&quot;&gt;&#10;                    &lt;a href=&quot;/&quot; class=&quot;btn btn-secondary&quot;&gt;Volver al inicio&lt;/a&gt;&#10;                &lt;/div&gt;&#10;&#10;                &lt;form action=&quot;/agregar-usuario&quot; method=&quot;post&quot; class=&quot;mb-4&quot;&gt;&#10;                    &lt;div class=&quot;row&quot;&gt;&#10;                        &lt;div class=&quot;col-md-5&quot;&gt;&#10;                            &lt;input type=&quot;text&quot; class=&quot;form-control&quot; name=&quot;nombre&quot; placeholder=&quot;Nombre del usuario&quot; required&gt;&#10;                        &lt;/div&gt;&#10;                        &lt;div class=&quot;col-md-5&quot;&gt;&#10;                            &lt;input type=&quot;email&quot; class=&quot;form-control&quot; name=&quot;email&quot; placeholder=&quot;Email del usuario&quot; required&gt;&#10;                        &lt;/div&gt;&#10;                        &lt;div class=&quot;col-md-2&quot;&gt;&#10;                            &lt;button type=&quot;submit&quot; class=&quot;btn btn-success w-100&quot;&gt;Agregar Usuario&lt;/button&gt;&#10;                        &lt;/div&gt;&#10;                    &lt;/div&gt;&#10;                &lt;/form&gt;&#10;&#10;                &lt;table class=&quot;table table-striped&quot;&gt;&#10;                    &lt;thead&gt;&#10;                        &lt;tr&gt;&#10;                            &lt;th&gt;Nombre&lt;/th&gt;&#10;                            &lt;th&gt;Email&lt;/th&gt;&#10;							&lt;th&gt;Fecha de registro&lt;/th&gt;  &lt;!-- nueva columna --&gt;&#10;                        &lt;/tr&gt;&#10;                    &lt;/thead&gt;&#10;                    &lt;tbody&gt;&#10;						&#10;                        &lt;tr&gt;&#10;                            &lt;td&gt;&lt;/td&gt;&#10;                            &lt;td&gt;&lt;/td&gt;&#10;							&lt;td&gt;01/12/2025 21:00&lt;/td&gt; &lt;!-- nueva celda --&gt;&#10;                        &lt;/tr&gt;&#10;                        &#10;                    &lt;/tbody&gt;&#10;                &lt;/table&gt;&#10;            &lt;/div&gt;&#10;        &lt;/div&gt;&#10;    &lt;/div&gt;&#10;&lt;/body&gt;&#10;&lt;/html&gt;&quot;&#10;to contain:&#10;  &quot;Ana&quot; " type="java.lang.AssertionError"><![CDATA[java.lang.AssertionError: 

Expecting actual:
  "<!DOCTYPE html>
<html>
<head>
    <meta charset="UTF-8">
    <title>Lista de Usuarios</title>
    <link href="https://cdn.jsdelivr.net/npm/bootstrap@5.1.3/dist/css/bootstrap.min.css" rel="stylesheet">
</head>
<body>
    <div class="container mt-4">
        <div class="row">
            <div class="col-12">
                <h2>Lista de Usuarios</h2>
                
                <div class="mb-3">
                    <a href="/" class="btn btn-secondary">Volver al inicio</a>
                </div>

                <form action="/agregar-usuario" method="post" class="mb-4">
                    <div class="row">
                        <div class="col-md-5">
                            <input type="text" class="form-control" name="nombre" placeholder="Nombre del usuario" required>
                        </div>
                        <div class="col-md-5">
                            <input type="email" class="form-control" name="email" placeholder="Email del usuario" required>
                        </div>
                        <div class="col-md-2">
                            <button type="submit" class="btn btn-success w-100">Agregar Usuario</button>
                        </div>
                    </div>
                </form>

                <table class="table table-striped">
                    <thead>
                        <tr>
                            <th>Nombre</th>
                            <th>Email</th>
							<th>Fecha de registro</th>  <!-- nueva columna -->
                        </tr>
                    </thead>
                    <tbody>
						
                        <tr>
                            <td></td>
                            <td></td>
							<td>01/12/2025 21:00</td> <!-- nueva celda -->
                        </tr>
                        
                    </tbody>
                </table>
            </div>
        </div>
    </div>
</body>
</html>"
to contain:
  "Ana" 
	at com.example.demo.integration.UsuarioIntegrationTest.debeAgregarUsuarioYMostrarloEnLaLista(UsuarioIntegrationTest.java:44)
	at java.base/java.lang.reflect.Method.invoke(Method.java:580)
	at java.base/java.util.ArrayList.forEach(ArrayList.java:1596)
	at java.base/java.util.ArrayList.forEach(ArrayList.java:1596)
]]></failure>
  </testcase>
  <testcase name="debeMostrarListaUsuariosVaciaInicialmente" classname="com.example.demo.integration.UsuarioIntegrationTest" time="0.012">
    <failure message="&#10;Expecting actual:&#10;  &quot;&lt;!DOCTYPE html&gt;&#10;&lt;html&gt;&#10;&lt;head&gt;&#10;    &lt;meta charset=&quot;UTF-8&quot;&gt;&#10;    &lt;title&gt;Lista de Usuarios&lt;/title&gt;&#10;    &lt;link href=&quot;https://cdn.jsdelivr.net/npm/bootstrap@5.1.3/dist/css/bootstrap.min.css&quot; rel=&quot;stylesheet&quot;&gt;&#10;&lt;/head&gt;&#10;&lt;body&gt;&#10;    &lt;div class=&quot;container mt-4&quot;&gt;&#10;        &lt;div class=&quot;row&quot;&gt;&#10;            &lt;div class=&quot;col-12&quot;&gt;&#10;                &lt;h2&gt;Lista de Usuarios&lt;/h2&gt;&#10;                &#10;                &lt;div class=&quot;mb-3&quot;&gt;&#10;                    &lt;a href=&quot;/&quot; class=&quot;btn btn-secondary&quot;&gt;Volver al inicio&lt;/a&gt;&#10;                &lt;/div&gt;&#10;&#10;                &lt;form action=&quot;/agregar-usuario&quot; method=&quot;post&quot; class=&quot;mb-4&quot;&gt;&#10;                    &lt;div class=&quot;row&quot;&gt;&#10;                        &lt;div class=&quot;col-md-5&quot;&gt;&#10;                            &lt;input type=&quot;text&quot; class=&quot;form-control&quot; name=&quot;nombre&quot; placeholder=&quot;Nombre del usuario&quot; required&gt;&#10;                        &lt;/div&gt;&#10;                        &lt;div class=&quot;col-md-5&quot;&gt;&#10;                            &lt;input type=&quot;email&quot; class=&quot;form-control&quot; name=&quot;email&quot; placeholder=&quot;Email del usuario&quot; required&gt;&#10;                        &lt;/div&gt;&#10;                        &lt;div class=&quot;col-md-2&quot;&gt;&#10;                            &lt;button type=&quot;submit&quot; class=&quot;btn btn-success w-100&quot;&gt;Agregar Usuario&lt;/button&gt;&#10;                        &lt;/div&gt;&#10;                    &lt;/div&gt;&#10;                &lt;/form&gt;&#10;&#10;                &lt;table class=&quot;table table-striped&quot;&gt;&#10;                    &lt;thead&gt;&#10;                        &lt;tr&gt;&#10;                            &lt;th&gt;Nombre&lt;/th&gt;&#10;                            &lt;th&gt;Email&lt;/th&gt;&#10;							&lt;th&gt;Fecha de registro&lt;/th&gt;  &lt;!-- nueva columna --&gt;&#10;                        &lt;/tr&gt;&#10;                    &lt;/thead&gt;&#10;                    &lt;tbody&gt;&#10;						&#10;                        &lt;tr&gt;&#10;                            &lt;td&gt;&lt;/td&gt;&#10;                            &lt;td&gt;&lt;/td&gt;&#10;							&lt;td&gt;01/12/2025 21:00&lt;/td&gt; &lt;!-- nueva celda --&gt;&#10;                        &lt;/tr&gt;&#10;                        &#10;                    &lt;/tbody&gt;&#10;                &lt;/table&gt;&#10;            &lt;/div&gt;&#10;        &lt;/div&gt;&#10;    &lt;/div&gt;&#10;&lt;/body&gt;&#10;&lt;/html&gt;&quot;&#10;to contain:&#10;  &quot;No hay usuarios registrados&quot; " type="java.lang.AssertionError"><![CDATA[java.lang.AssertionError: 

Expecting actual:
  "<!DOCTYPE html>
<html>
<head>
    <meta charset="UTF-8">
    <title>Lista de Usuarios</title>
    <link href="https://cdn.jsdelivr.net/npm/bootstrap@5.1.3/dist/css/bootstrap.min.css" rel="stylesheet">
</head>
<body>
    <div class="container mt-4">
        <div class="row">
            <div class="col-12">
                <h2>Lista de Usuarios</h2>
                
                <div class="mb-3">
                    <a href="/" class="btn btn-secondary">Volver al inicio</a>
                </div>

                <form action="/agregar-usuario" method="post" class="mb-4">
                    <div class="row">
                        <div class="col-md-5">
                            <input type="text" class="form-control" name="nombre" placeholder="Nombre del usuario" required>
                        </div>
                        <div class="col-md-5">
                            <input type="email" class="form-control" name="email" placeholder="Email del usuario" required>
                        </div>
                        <div class="col-md-2">
                            <button type="submit" class="btn btn-success w-100">Agregar Usuario</button>
                        </div>
                    </div>
                </form>

                <table class="table table-striped">
                    <thead>
                        <tr>
                            <th>Nombre</th>
                            <th>Email</th>
							<th>Fecha de registro</th>  <!-- nueva columna -->
                        </tr>
                    </thead>
                    <tbody>
						
                        <tr>
                            <td></td>
                            <td></td>
							<td>01/12/2025 21:00</td> <!-- nueva celda -->
                        </tr>
                        
                    </tbody>
                </table>
            </div>
        </div>
    </div>
</body>
</html>"
to contain:
  "No hay usuarios registrados" 
	at com.example.demo.integration.UsuarioIntegrationTest.debeMostrarListaUsuariosVaciaInicialmente(UsuarioIntegrationTest.java:32)
	at java.base/java.lang.reflect.Method.invoke(Method.java:580)
	at java.base/java.util.ArrayList.forEach(ArrayList.java:1596)
	at java.base/java.util.ArrayList.forEach(ArrayList.java:1596)
]]></failure>
  </testcase>
</testsuite>